=== puma startup: 2016-07-16 17:03:00 +0200 ===
[2018] * Starting control server on unix:///var/folders/sn/lp61g0pd2td394gkyh17br780000gn/T/puma-status-1468681380049-2018
[2018] - Worker 0 (pid: 2019) booted, phase: 0


Started GET "/" for ::1 at 2016-07-16 17:03:02 +0200
  [1m[36mActiveRecord::SchemaMigration Load (7.3ms)[0m  [1mSELECT `schema_migrations`.* FROM `schema_migrations`[0m
Processing by DashboardController#show as HTML
  [1m[35mUser Load (4.3ms)[0m  SELECT  `users`.* FROM `users` WHERE `users`.`id` = 1  ORDER BY `users`.`id` ASC LIMIT 1
  [1m[36mWebmaster Load (0.7ms)[0m  [1mSELECT `users`.* FROM `users` WHERE (admin = 0)[0m
  Rendered webmasters/index.haml within layouts/application (34.1ms)
  Rendered shared/_header.haml (2.8ms)
  Rendered shared/_sidebar.haml (3.4ms)
Completed 200 OK in 1172ms (Views: 1046.3ms | ActiveRecord: 9.8ms)


Started GET "/assets/application.self-0809ac95b5fde8e764929c9bd648b093d25701abf51b1f057a72dd85807949d7.css?body=1" for ::1 at 2016-07-16 17:03:04 +0200







Started GET "/assets/jquery_ujs.self-e87806d0cf4489aeb1bb7288016024e8de67fd18db693fe026fe3907581e53cd.js?body=1" for ::1 at 2016-07-16 17:03:04 +0200


Started GET "/assets/websocket_rails/websocket_rails.self-b0fea3efa3fdd47f32cd4280ccc18488ffd7f2136c7c563c63c217044182fe1e.js?body=1" for ::1 at 2016-07-16 17:03:04 +0200

Started GET "/assets/websocket_rails/event.self-04d5bb47819660cff48dbf6cc594435e5d0d1107d44470b0890165896fa90030.js?body=1" for ::1 at 2016-07-16 17:03:04 +0200

Started GET "/assets/websocket_rails/abstract_connection.self-c59ade07c40033b31f560ae7c6681d3ecc9eca88006e020116d0e538bee3c632.js?body=1" for ::1 at 2016-07-16 17:03:04 +0200
Started GET "/assets/websocket_rails/http_connection.self-8314b61f89b6ebcab2dbf126cbb99f4cf0feb5f417530abf373727b653eaf125.js?body=1" for ::1 at 2016-07-16 17:03:04 +0200




Started GET "/assets/jquery.self-660adc51e0224b731d29f575a6f1ec167ba08ad06ed5deca4f1e8654c135bf4c.js?body=1" for ::1 at 2016-07-16 17:03:04 +0200
Started GET "/assets/websocket_rails/websocket_connection.self-a4fd5d8dc295df9ccfa03dae5df35d9a8fd1c54f21afc3c9cef931eff8a980e3.js?body=1" for ::1 at 2016-07-16 17:03:04 +0200

Started GET "/assets/websocket_rails/channel.self-51e0b70af4cf956496d3b5ea4b739ec4cc25f979f3eff7abe53a8b4065643e6b.js?body=1" for ::1 at 2016-07-16 17:03:04 +0200



Started GET "/assets/websocket_rails/main.self-d088784b7ecb87f1ea17e6f982fa968ffefcc07b79de6ecc548fc00242868da6.js?body=1" for ::1 at 2016-07-16 17:03:04 +0200

Started GET "/assets/application.self-7862a8a8b42407b4741a1adeeea35f0d13ddc4f702ec532adb0674491d296495.js?body=1" for ::1 at 2016-07-16 17:03:04 +0200


Started GET "/assets/turbolinks.self-c5acd7a204f5f25ce7a1d8a0e4d92e28d34c9e2df2c7371cd7af88e147e4ad82.js?body=1" for ::1 at 2016-07-16 17:03:04 +0200


Started GET "/websocket" for ::1 at 2016-07-16 17:03:08 +0200
  [1m[35mUser Load (6.2ms)[0m  SELECT  `users`.* FROM `users` WHERE `users`.`id` = 1  ORDER BY `users`.`id` ASC LIMIT 1
creating
{}
  [1m[36m (0.4ms)[0m  [1mBEGIN[0m
  [1m[35mCustomer Exists (1.7ms)[0m  SELECT  1 AS one FROM `customers` WHERE `customers`.`sid` = 'f4b779f4c41f9a22e7f00871' LIMIT 1
  [1m[36mSQL (2.7ms)[0m  [1mINSERT INTO `customers` (`sid`) VALUES ('f4b779f4c41f9a22e7f00871')[0m
  [1m[35m (0.6ms)[0m  COMMIT
created


Started GET "/websocket" for ::1 at 2016-07-16 17:33:31 +0200
  [1m[36mUser Load (1.3ms)[0m  [1mSELECT  `users`.* FROM `users` WHERE `users`.`id` = 1  ORDER BY `users`.`id` ASC LIMIT 1[0m


Started GET "/websocket" for ::1 at 2016-07-16 17:34:32 +0200
  [1m[35mUser Load (1.0ms)[0m  SELECT  `users`.* FROM `users` WHERE `users`.`id` = 1  ORDER BY `users`.`id` ASC LIMIT 1
creating
{}
  [1m[36m (0.3ms)[0m  [1mBEGIN[0m
  [1m[35mCustomer Exists (0.4ms)[0m  SELECT  1 AS one FROM `customers` WHERE `customers`.`sid` = 'b5249c8000e8b2f430b22192' LIMIT 1
  [1m[36mSQL (0.3ms)[0m  [1mINSERT INTO `customers` (`sid`) VALUES ('b5249c8000e8b2f430b22192')[0m
  [1m[35m (0.3ms)[0m  COMMIT
created


Started GET "/websocket" for ::1 at 2016-07-16 17:34:57 +0200
  [1m[36mUser Load (0.8ms)[0m  [1mSELECT  `users`.* FROM `users` WHERE `users`.`id` = 1  ORDER BY `users`.`id` ASC LIMIT 1[0m
creating
{}
  [1m[35m (0.2ms)[0m  BEGIN
  [1m[36mCustomer Exists (0.4ms)[0m  [1mSELECT  1 AS one FROM `customers` WHERE `customers`.`sid` = '5e74c68d938ff843ced12817' LIMIT 1[0m
  [1m[35mSQL (0.3ms)[0m  INSERT INTO `customers` (`sid`) VALUES ('5e74c68d938ff843ced12817')
  [1m[36m (0.3ms)[0m  [1mCOMMIT[0m
created


Started GET "/websocket" for ::1 at 2016-07-16 17:35:39 +0200
  [1m[35mUser Load (1.0ms)[0m  SELECT  `users`.* FROM `users` WHERE `users`.`id` = 1  ORDER BY `users`.`id` ASC LIMIT 1


Started GET "/" for ::1 at 2016-07-16 17:38:44 +0200
Processing by DashboardController#show as HTML
  [1m[36mUser Load (0.4ms)[0m  [1mSELECT  `users`.* FROM `users` WHERE `users`.`id` = 1  ORDER BY `users`.`id` ASC LIMIT 1[0m
  [1m[35mWebmaster Load (0.3ms)[0m  SELECT `users`.* FROM `users` WHERE (admin = 0)
  Rendered webmasters/index.haml within layouts/application (9.2ms)
  Rendered shared/_header.haml (0.3ms)
  Rendered shared/_sidebar.haml (0.2ms)
Completed 200 OK in 62ms (Views: 58.2ms | ActiveRecord: 0.8ms)


Started GET "/webmasters/2" for ::1 at 2016-07-16 17:38:58 +0200
Processing by WebmastersController#show as HTML
  Parameters: {"id"=>"2"}
  [1m[36mUser Load (0.5ms)[0m  [1mSELECT  `users`.* FROM `users` WHERE `users`.`id` = 1  ORDER BY `users`.`id` ASC LIMIT 1[0m
  [1m[35mWebmaster Load (0.4ms)[0m  SELECT  `users`.* FROM `users` WHERE (admin = 0) AND `users`.`id` = 2 LIMIT 1
  [1m[36mReactionType Load (2.5ms)[0m  [1mSELECT `reaction_types`.* FROM `reaction_types`[0m
  [1m[35mProduct Load (1.0ms)[0m  SELECT `products`.* FROM `products` WHERE `products`.`webmaster_id` = 2
  [1m[36mImpression Load (12.1ms)[0m  [1mSELECT `impressions`.* FROM `impressions` WHERE `impressions`.`product_id` IN (1, 2, 3, 4, 5, 6, 7)[0m
  [1m[35mReaction Load (2.2ms)[0m  SELECT `reactions`.* FROM `reactions` WHERE `reactions`.`product_id` IN (1, 2, 3, 4, 5, 6, 7)
  [1m[36m (0.4ms)[0m  [1mSELECT `reaction_types`.`id` FROM `reaction_types`[0m
  [1m[35mReaction Load (2.1ms)[0m  SELECT `reactions`.* FROM `reactions` WHERE `reactions`.`product_id` = 1 AND `reactions`.`reaction_type_id` IN (1, 2, 3, 4)
  [1m[36mCACHE (0.0ms)[0m  [1mSELECT `reaction_types`.* FROM `reaction_types`[0m
  [1m[35mReaction Load (1.1ms)[0m  SELECT `reactions`.* FROM `reactions` WHERE `reactions`.`product_id` = 1 AND `reactions`.`reaction_type_id` = 1
  [1m[36mReaction Load (0.6ms)[0m  [1mSELECT `reactions`.* FROM `reactions` WHERE `reactions`.`product_id` = 1 AND `reactions`.`reaction_type_id` = 2[0m
  [1m[35mReaction Load (0.6ms)[0m  SELECT `reactions`.* FROM `reactions` WHERE `reactions`.`product_id` = 1 AND `reactions`.`reaction_type_id` = 3
  [1m[36mReaction Load (0.7ms)[0m  [1mSELECT `reactions`.* FROM `reactions` WHERE `reactions`.`product_id` = 1 AND `reactions`.`reaction_type_id` = 4[0m
  [1m[35mCACHE (0.0ms)[0m  SELECT `reaction_types`.`id` FROM `reaction_types`
  [1m[36mReaction Load (0.7ms)[0m  [1mSELECT `reactions`.* FROM `reactions` WHERE `reactions`.`product_id` = 2 AND `reactions`.`reaction_type_id` IN (1, 2, 3, 4)[0m
  [1m[35mCACHE (0.0ms)[0m  SELECT `reaction_types`.* FROM `reaction_types`
  [1m[36mReaction Load (0.6ms)[0m  [1mSELECT `reactions`.* FROM `reactions` WHERE `reactions`.`product_id` = 2 AND `reactions`.`reaction_type_id` = 1[0m
  [1m[35mReaction Load (0.4ms)[0m  SELECT `reactions`.* FROM `reactions` WHERE `reactions`.`product_id` = 2 AND `reactions`.`reaction_type_id` = 2
  [1m[36mReaction Load (0.4ms)[0m  [1mSELECT `reactions`.* FROM `reactions` WHERE `reactions`.`product_id` = 2 AND `reactions`.`reaction_type_id` = 3[0m
  [1m[35mReaction Load (0.4ms)[0m  SELECT `reactions`.* FROM `reactions` WHERE `reactions`.`product_id` = 2 AND `reactions`.`reaction_type_id` = 4
  [1m[36mCACHE (0.0ms)[0m  [1mSELECT `reaction_types`.`id` FROM `reaction_types`[0m
  [1m[35mReaction Load (0.4ms)[0m  SELECT `reactions`.* FROM `reactions` WHERE `reactions`.`product_id` = 3 AND `reactions`.`reaction_type_id` IN (1, 2, 3, 4)
  [1m[36mCACHE (0.0ms)[0m  [1mSELECT `reaction_types`.* FROM `reaction_types`[0m
  [1m[35mReaction Load (0.4ms)[0m  SELECT `reactions`.* FROM `reactions` WHERE `reactions`.`product_id` = 3 AND `reactions`.`reaction_type_id` = 1
  [1m[36mReaction Load (0.4ms)[0m  [1mSELECT `reactions`.* FROM `reactions` WHERE `reactions`.`product_id` = 3 AND `reactions`.`reaction_type_id` = 2[0m
  [1m[35mReaction Load (0.3ms)[0m  SELECT `reactions`.* FROM `reactions` WHERE `reactions`.`product_id` = 3 AND `reactions`.`reaction_type_id` = 3
  [1m[36mReaction Load (0.4ms)[0m  [1mSELECT `reactions`.* FROM `reactions` WHERE `reactions`.`product_id` = 3 AND `reactions`.`reaction_type_id` = 4[0m
  [1m[35mCACHE (0.0ms)[0m  SELECT `reaction_types`.`id` FROM `reaction_types`
  [1m[36mReaction Load (0.4ms)[0m  [1mSELECT `reactions`.* FROM `reactions` WHERE `reactions`.`product_id` = 4 AND `reactions`.`reaction_type_id` IN (1, 2, 3, 4)[0m
  [1m[35mCACHE (0.0ms)[0m  SELECT `reaction_types`.* FROM `reaction_types`
  [1m[36mReaction Load (0.5ms)[0m  [1mSELECT `reactions`.* FROM `reactions` WHERE `reactions`.`product_id` = 4 AND `reactions`.`reaction_type_id` = 1[0m
  [1m[35mReaction Load (0.4ms)[0m  SELECT `reactions`.* FROM `reactions` WHERE `reactions`.`product_id` = 4 AND `reactions`.`reaction_type_id` = 2
  [1m[36mReaction Load (0.4ms)[0m  [1mSELECT `reactions`.* FROM `reactions` WHERE `reactions`.`product_id` = 4 AND `reactions`.`reaction_type_id` = 3[0m
  [1m[35mReaction Load (0.4ms)[0m  SELECT `reactions`.* FROM `reactions` WHERE `reactions`.`product_id` = 4 AND `reactions`.`reaction_type_id` = 4
  [1m[36mCACHE (0.0ms)[0m  [1mSELECT `reaction_types`.`id` FROM `reaction_types`[0m
  [1m[35mReaction Load (0.4ms)[0m  SELECT `reactions`.* FROM `reactions` WHERE `reactions`.`product_id` = 5 AND `reactions`.`reaction_type_id` IN (1, 2, 3, 4)
  [1m[36mCACHE (0.0ms)[0m  [1mSELECT `reaction_types`.* FROM `reaction_types`[0m
  [1m[35mReaction Load (0.7ms)[0m  SELECT `reactions`.* FROM `reactions` WHERE `reactions`.`product_id` = 5 AND `reactions`.`reaction_type_id` = 1
  [1m[36mReaction Load (0.6ms)[0m  [1mSELECT `reactions`.* FROM `reactions` WHERE `reactions`.`product_id` = 5 AND `reactions`.`reaction_type_id` = 2[0m
  [1m[35mReaction Load (0.6ms)[0m  SELECT `reactions`.* FROM `reactions` WHERE `reactions`.`product_id` = 5 AND `reactions`.`reaction_type_id` = 3
  [1m[36mReaction Load (0.6ms)[0m  [1mSELECT `reactions`.* FROM `reactions` WHERE `reactions`.`product_id` = 5 AND `reactions`.`reaction_type_id` = 4[0m
  [1m[35mCACHE (0.0ms)[0m  SELECT `reaction_types`.`id` FROM `reaction_types`
  [1m[36mReaction Load (0.3ms)[0m  [1mSELECT `reactions`.* FROM `reactions` WHERE `reactions`.`product_id` = 6 AND `reactions`.`reaction_type_id` IN (1, 2, 3, 4)[0m
  [1m[35mCACHE (0.0ms)[0m  SELECT `reaction_types`.* FROM `reaction_types`
  [1m[36mReaction Load (0.4ms)[0m  [1mSELECT `reactions`.* FROM `reactions` WHERE `reactions`.`product_id` = 6 AND `reactions`.`reaction_type_id` = 1[0m
  [1m[35mReaction Load (0.4ms)[0m  SELECT `reactions`.* FROM `reactions` WHERE `reactions`.`product_id` = 6 AND `reactions`.`reaction_type_id` = 2
  [1m[36mReaction Load (0.4ms)[0m  [1mSELECT `reactions`.* FROM `reactions` WHERE `reactions`.`product_id` = 6 AND `reactions`.`reaction_type_id` = 3[0m
  [1m[35mReaction Load (0.4ms)[0m  SELECT `reactions`.* FROM `reactions` WHERE `reactions`.`product_id` = 6 AND `reactions`.`reaction_type_id` = 4
  [1m[36mCACHE (0.0ms)[0m  [1mSELECT `reaction_types`.`id` FROM `reaction_types`[0m
  [1m[35mReaction Load (0.4ms)[0m  SELECT `reactions`.* FROM `reactions` WHERE `reactions`.`product_id` = 7 AND `reactions`.`reaction_type_id` IN (1, 2, 3, 4)
  [1m[36mCACHE (0.0ms)[0m  [1mSELECT `reaction_types`.* FROM `reaction_types`[0m
  [1m[35mReaction Load (0.6ms)[0m  SELECT `reactions`.* FROM `reactions` WHERE `reactions`.`product_id` = 7 AND `reactions`.`reaction_type_id` = 1
  [1m[36mReaction Load (0.5ms)[0m  [1mSELECT `reactions`.* FROM `reactions` WHERE `reactions`.`product_id` = 7 AND `reactions`.`reaction_type_id` = 2[0m
  [1m[35mReaction Load (0.5ms)[0m  SELECT `reactions`.* FROM `reactions` WHERE `reactions`.`product_id` = 7 AND `reactions`.`reaction_type_id` = 3
  [1m[36mReaction Load (0.4ms)[0m  [1mSELECT `reactions`.* FROM `reactions` WHERE `reactions`.`product_id` = 7 AND `reactions`.`reaction_type_id` = 4[0m
  Rendered products/_data_table.haml (1002.2ms)
  Rendered products/index.haml within layouts/application (1007.7ms)
  Rendered shared/_header.haml (0.3ms)
  Rendered shared/_sidebar.haml (0.2ms)
Completed 200 OK in 1134ms (Views: 1016.9ms | ActiveRecord: 47.8ms)


Started GET "/account" for ::1 at 2016-07-16 17:39:21 +0200
Processing by Devise::RegistrationsController#edit as HTML
  [1m[35mUser Load (0.4ms)[0m  SELECT  `users`.* FROM `users` WHERE `users`.`id` = 1  ORDER BY `users`.`id` ASC LIMIT 1
  Rendered devise/registrations/edit.haml within layouts/application (56.8ms)
  Rendered shared/_header.haml (0.3ms)
  Rendered shared/_sidebar.haml (0.2ms)
Completed 200 OK in 114ms (Views: 110.1ms | ActiveRecord: 0.4ms)


Started GET "/account" for ::1 at 2016-07-16 17:40:43 +0200
Processing by Devise::RegistrationsController#edit as HTML
  [1m[36mUser Load (0.4ms)[0m  [1mSELECT  `users`.* FROM `users` WHERE `users`.`id` = 1  ORDER BY `users`.`id` ASC LIMIT 1[0m
  Rendered devise/registrations/edit.haml within layouts/application (3.8ms)
  Rendered shared/_header.haml (3.6ms)
  Rendered shared/_sidebar.haml (0.3ms)
Completed 200 OK in 63ms (Views: 59.2ms | ActiveRecord: 0.4ms)





Started GET "/assets/application.self-0809ac95b5fde8e764929c9bd648b093d25701abf51b1f057a72dd85807949d7.css?body=1" for ::1 at 2016-07-16 17:40:43 +0200





Started GET "/assets/jquery_ujs.self-e87806d0cf4489aeb1bb7288016024e8de67fd18db693fe026fe3907581e53cd.js?body=1" for ::1 at 2016-07-16 17:40:43 +0200


Started GET "/assets/turbolinks.self-c5acd7a204f5f25ce7a1d8a0e4d92e28d34c9e2df2c7371cd7af88e147e4ad82.js?body=1" for ::1 at 2016-07-16 17:40:43 +0200
Started GET "/assets/jquery.self-660adc51e0224b731d29f575a6f1ec167ba08ad06ed5deca4f1e8654c135bf4c.js?body=1" for ::1 at 2016-07-16 17:40:43 +0200
Started GET "/assets/websocket_rails/websocket_rails.self-b0fea3efa3fdd47f32cd4280ccc18488ffd7f2136c7c563c63c217044182fe1e.js?body=1" for ::1 at 2016-07-16 17:40:43 +0200

Started GET "/assets/websocket_rails/event.self-04d5bb47819660cff48dbf6cc594435e5d0d1107d44470b0890165896fa90030.js?body=1" for ::1 at 2016-07-16 17:40:43 +0200



Started GET "/assets/websocket_rails/abstract_connection.self-c59ade07c40033b31f560ae7c6681d3ecc9eca88006e020116d0e538bee3c632.js?body=1" for ::1 at 2016-07-16 17:40:43 +0200
Started GET "/assets/websocket_rails/http_connection.self-8314b61f89b6ebcab2dbf126cbb99f4cf0feb5f417530abf373727b653eaf125.js?body=1" for ::1 at 2016-07-16 17:40:43 +0200







Started GET "/assets/websocket_rails/websocket_connection.self-a4fd5d8dc295df9ccfa03dae5df35d9a8fd1c54f21afc3c9cef931eff8a980e3.js?body=1" for ::1 at 2016-07-16 17:40:43 +0200

Started GET "/assets/websocket_rails/channel.self-51e0b70af4cf956496d3b5ea4b739ec4cc25f979f3eff7abe53a8b4065643e6b.js?body=1" for ::1 at 2016-07-16 17:40:43 +0200
Started GET "/assets/websocket_rails/main.self-d088784b7ecb87f1ea17e6f982fa968ffefcc07b79de6ecc548fc00242868da6.js?body=1" for ::1 at 2016-07-16 17:40:43 +0200
Started GET "/assets/application.self-7862a8a8b42407b4741a1adeeea35f0d13ddc4f702ec532adb0674491d296495.js?body=1" for ::1 at 2016-07-16 17:40:43 +0200


Started DELETE "/logout" for ::1 at 2016-07-16 17:40:48 +0200
Processing by Devise::SessionsController#destroy as HTML
  Parameters: {"authenticity_token"=>"KCZX0ajNg2QnLXbYm3k0NOL4eaTQ311LUFsxTMlIcbAqpEnd3h50N8+tMgLisvuupsguJvPSm2eGEQxofxsOEw=="}
  [1m[35mUser Load (0.4ms)[0m  SELECT  `users`.* FROM `users` WHERE `users`.`id` = 1  ORDER BY `users`.`id` ASC LIMIT 1
  [1m[36m (0.2ms)[0m  [1mBEGIN[0m
  [1m[35mSQL (1.7ms)[0m  UPDATE `users` SET `remember_created_at` = NULL, `updated_at` = '2016-07-16 15:40:48' WHERE `users`.`id` = 1
  [1m[36m (0.3ms)[0m  [1mCOMMIT[0m
Redirected to http://localhost:3000/
Completed 302 Found in 20ms (ActiveRecord: 3.5ms)


Started GET "/" for ::1 at 2016-07-16 17:40:48 +0200
Processing by DashboardController#show as HTML
Completed 401 Unauthorized in 7ms (ActiveRecord: 0.0ms)


Started GET "/login" for ::1 at 2016-07-16 17:40:48 +0200
Processing by Devise::SessionsController#new as HTML
  Rendered devise/shared/_links.haml (3.7ms)
  Rendered devise/sessions/new.haml within layouts/application (18.5ms)
  Rendered shared/_header.haml (0.6ms)
  Rendered shared/_sidebar.haml (0.3ms)
Completed 200 OK in 84ms (Views: 73.0ms | ActiveRecord: 0.0ms)


Started POST "/login" for ::1 at 2016-07-16 17:40:58 +0200
Processing by Devise::SessionsController#create as HTML
  Parameters: {"utf8"=>"✓", "authenticity_token"=>"qwBuTu03mZpI4qC0S9pNzNKueFvnmakgMzKPF9ko7Bh2VNponL20TLblQjdF47UGXj7MVeksHnX95ugcsY+j0Q==", "user"=>{"email"=>"webmaster1@site1.com", "password"=>"[FILTERED]", "remember_me"=>"0"}, "commit"=>"Log in"}
  [1m[35mUser Load (0.7ms)[0m  SELECT  `users`.* FROM `users` WHERE `users`.`email` = 'webmaster1@site1.com'  ORDER BY `users`.`id` ASC LIMIT 1
  [1m[36m (0.2ms)[0m  [1mBEGIN[0m
  [1m[35mSQL (0.5ms)[0m  UPDATE `users` SET `last_sign_in_at` = '2016-07-16 15:40:58', `current_sign_in_at` = '2016-07-16 15:40:58', `last_sign_in_ip` = '::1', `current_sign_in_ip` = '::1', `sign_in_count` = 1, `updated_at` = '2016-07-16 15:40:58' WHERE `users`.`id` = 2
  [1m[36m (0.3ms)[0m  [1mCOMMIT[0m
Redirected to http://localhost:3000/
Completed 302 Found in 239ms (ActiveRecord: 1.7ms)


Started GET "/" for ::1 at 2016-07-16 17:40:58 +0200
Processing by DashboardController#show as HTML
  [1m[35mUser Load (0.4ms)[0m  SELECT  `users`.* FROM `users` WHERE `users`.`id` = 2  ORDER BY `users`.`id` ASC LIMIT 1
Redirected to http://localhost:3000/products
Completed 302 Found in 3ms (ActiveRecord: 0.4ms)


Started GET "/products" for ::1 at 2016-07-16 17:40:58 +0200
Processing by ProductsController#index as HTML
  [1m[36mUser Load (0.6ms)[0m  [1mSELECT  `users`.* FROM `users` WHERE `users`.`id` = 2  ORDER BY `users`.`id` ASC LIMIT 1[0m
  [1m[35mReactionType Load (0.4ms)[0m  SELECT `reaction_types`.* FROM `reaction_types`
  Rendered products/_data_table.haml (1.6ms)
  Rendered products/index.haml within layouts/application (3.8ms)
  Rendered shared/_header.haml (0.6ms)
  Rendered shared/_sidebar.haml (0.3ms)
Completed 200 OK in 60ms (Views: 56.4ms | ActiveRecord: 1.0ms)


Started GET "/products" for ::1 at 2016-07-16 17:42:18 +0200
Processing by ProductsController#index as HTML
  [1m[36mUser Load (0.3ms)[0m  [1mSELECT  `users`.* FROM `users` WHERE `users`.`id` = 2  ORDER BY `users`.`id` ASC LIMIT 1[0m
Completed 500 Internal Server Error in 23ms (ActiveRecord: 1.5ms)

NoMethodError (undefined method `includes' for []:Array):
  app/controllers/products_controller.rb:4:in `index'


  Rendered /Users/jake/.rvm/gems/ruby-2.2.1/gems/actionpack-4.2.6/lib/action_dispatch/middleware/templates/rescues/_source.erb (8.4ms)
  Rendered /Users/jake/.rvm/gems/ruby-2.2.1/gems/actionpack-4.2.6/lib/action_dispatch/middleware/templates/rescues/_trace.html.erb (3.8ms)
  Rendered /Users/jake/.rvm/gems/ruby-2.2.1/gems/actionpack-4.2.6/lib/action_dispatch/middleware/templates/rescues/_request_and_response.html.erb (1.7ms)
  Rendered /Users/jake/.rvm/gems/ruby-2.2.1/gems/actionpack-4.2.6/lib/action_dispatch/middleware/templates/rescues/diagnostics.html.erb within rescues/layout (130.1ms)
  Rendered /Users/jake/.rvm/gems/ruby-2.2.1/gems/web-console-2.3.0/lib/web_console/templates/_markup.html.erb (0.5ms)
  Rendered /Users/jake/.rvm/gems/ruby-2.2.1/gems/web-console-2.3.0/lib/web_console/templates/_inner_console_markup.html.erb within layouts/inlined_string (0.4ms)
  Rendered /Users/jake/.rvm/gems/ruby-2.2.1/gems/web-console-2.3.0/lib/web_console/templates/_prompt_box_markup.html.erb within layouts/inlined_string (0.5ms)
  Rendered /Users/jake/.rvm/gems/ruby-2.2.1/gems/web-console-2.3.0/lib/web_console/templates/style.css.erb within layouts/inlined_string (0.4ms)
  Rendered /Users/jake/.rvm/gems/ruby-2.2.1/gems/web-console-2.3.0/lib/web_console/templates/console.js.erb within layouts/javascript (104.6ms)
  Rendered /Users/jake/.rvm/gems/ruby-2.2.1/gems/web-console-2.3.0/lib/web_console/templates/main.js.erb within layouts/javascript (0.5ms)
  Rendered /Users/jake/.rvm/gems/ruby-2.2.1/gems/web-console-2.3.0/lib/web_console/templates/error_page.js.erb within layouts/javascript (0.8ms)
  Rendered /Users/jake/.rvm/gems/ruby-2.2.1/gems/web-console-2.3.0/lib/web_console/templates/index.html.erb (245.2ms)


Started GET "/products" for ::1 at 2016-07-16 19:45:21 +0200
Processing by ProductsController#index as HTML
  [1m[35mUser Load (0.4ms)[0m  SELECT  `users`.* FROM `users` WHERE `users`.`id` = 2  ORDER BY `users`.`id` ASC LIMIT 1
Completed 500 Internal Server Error in 35ms (ActiveRecord: 0.4ms)

NoMethodError (undefined method `products' for #<User:0x007fdc981b4258>):
  app/controllers/products_controller.rb:4:in `index'


  Rendered /Users/jake/.rvm/gems/ruby-2.2.1/gems/actionpack-4.2.6/lib/action_dispatch/middleware/templates/rescues/_source.erb (12.8ms)
  Rendered /Users/jake/.rvm/gems/ruby-2.2.1/gems/actionpack-4.2.6/lib/action_dispatch/middleware/templates/rescues/_trace.html.erb (5.5ms)
  Rendered /Users/jake/.rvm/gems/ruby-2.2.1/gems/actionpack-4.2.6/lib/action_dispatch/middleware/templates/rescues/_request_and_response.html.erb (1.9ms)
  Rendered /Users/jake/.rvm/gems/ruby-2.2.1/gems/actionpack-4.2.6/lib/action_dispatch/middleware/templates/rescues/diagnostics.html.erb within rescues/layout (123.5ms)
  Rendered /Users/jake/.rvm/gems/ruby-2.2.1/gems/web-console-2.3.0/lib/web_console/templates/_markup.html.erb (1.2ms)
  Rendered /Users/jake/.rvm/gems/ruby-2.2.1/gems/web-console-2.3.0/lib/web_console/templates/_inner_console_markup.html.erb within layouts/inlined_string (1.1ms)
  Rendered /Users/jake/.rvm/gems/ruby-2.2.1/gems/web-console-2.3.0/lib/web_console/templates/_prompt_box_markup.html.erb within layouts/inlined_string (0.7ms)
  Rendered /Users/jake/.rvm/gems/ruby-2.2.1/gems/web-console-2.3.0/lib/web_console/templates/style.css.erb within layouts/inlined_string (0.8ms)
  Rendered /Users/jake/.rvm/gems/ruby-2.2.1/gems/web-console-2.3.0/lib/web_console/templates/console.js.erb within layouts/javascript (95.7ms)
  Rendered /Users/jake/.rvm/gems/ruby-2.2.1/gems/web-console-2.3.0/lib/web_console/templates/main.js.erb within layouts/javascript (0.4ms)
  Rendered /Users/jake/.rvm/gems/ruby-2.2.1/gems/web-console-2.3.0/lib/web_console/templates/error_page.js.erb within layouts/javascript (0.6ms)
  Rendered /Users/jake/.rvm/gems/ruby-2.2.1/gems/web-console-2.3.0/lib/web_console/templates/index.html.erb (210.3ms)


Started GET "/" for ::1 at 2016-07-16 19:58:10 +0200
Processing by DashboardController#show as HTML
Completed 401 Unauthorized in 1ms (ActiveRecord: 0.0ms)


Started GET "/login" for ::1 at 2016-07-16 19:58:11 +0200
Processing by Devise::SessionsController#new as HTML
  Rendered devise/shared/_links.haml (0.7ms)
  Rendered devise/sessions/new.haml within layouts/application (8.3ms)
  Rendered shared/_header.haml (0.4ms)
  Rendered shared/_sidebar.haml (0.2ms)
Completed 200 OK in 99ms (Views: 97.4ms | ActiveRecord: 0.0ms)


Started GET "/apple-touch-icon-precomposed.png" for ::1 at 2016-07-16 19:58:11 +0200

ActionController::RoutingError (No route matches [GET] "/apple-touch-icon-precomposed.png"):
  actionpack (4.2.6) lib/action_dispatch/middleware/debug_exceptions.rb:21:in `call'
  web-console (2.3.0) lib/web_console/middleware.rb:28:in `block in call'
  web-console (2.3.0) lib/web_console/middleware.rb:18:in `catch'
  web-console (2.3.0) lib/web_console/middleware.rb:18:in `call'
  actionpack (4.2.6) lib/action_dispatch/middleware/show_exceptions.rb:30:in `call'
  railties (4.2.6) lib/rails/rack/logger.rb:38:in `call_app'
  railties (4.2.6) lib/rails/rack/logger.rb:20:in `block in call'
  activesupport (4.2.6) lib/active_support/tagged_logging.rb:68:in `block in tagged'
  activesupport (4.2.6) lib/active_support/tagged_logging.rb:26:in `tagged'
  activesupport (4.2.6) lib/active_support/tagged_logging.rb:68:in `tagged'
  railties (4.2.6) lib/rails/rack/logger.rb:20:in `call'
  actionpack (4.2.6) lib/action_dispatch/middleware/request_id.rb:21:in `call'
  rack (1.6.4) lib/rack/methodoverride.rb:22:in `call'
  rack (1.6.4) lib/rack/runtime.rb:18:in `call'
  activesupport (4.2.6) lib/active_support/cache/strategy/local_cache_middleware.rb:28:in `call'
  actionpack (4.2.6) lib/action_dispatch/middleware/static.rb:120:in `call'
  rack (1.6.4) lib/rack/sendfile.rb:113:in `call'
  railties (4.2.6) lib/rails/engine.rb:518:in `call'
  railties (4.2.6) lib/rails/application.rb:165:in `call'
  rack (1.6.4) lib/rack/content_length.rb:15:in `call'
  puma (3.4.0) lib/puma/configuration.rb:224:in `call'
  puma (3.4.0) lib/puma/server.rb:569:in `handle_request'
  puma (3.4.0) lib/puma/server.rb:406:in `process_client'
  puma (3.4.0) lib/puma/server.rb:271:in `block in run'
  puma (3.4.0) lib/puma/thread_pool.rb:114:in `call'
  puma (3.4.0) lib/puma/thread_pool.rb:114:in `block in spawn_thread'


  Rendered /Users/jake/.rvm/gems/ruby-2.2.1/gems/actionpack-4.2.6/lib/action_dispatch/middleware/templates/rescues/_trace.html.erb (2.4ms)
  Rendered /Users/jake/.rvm/gems/ruby-2.2.1/gems/actionpack-4.2.6/lib/action_dispatch/middleware/templates/routes/_route.html.erb (4.7ms)
  Rendered /Users/jake/.rvm/gems/ruby-2.2.1/gems/actionpack-4.2.6/lib/action_dispatch/middleware/templates/routes/_table.html.erb (6.1ms)
  Rendered /Users/jake/.rvm/gems/ruby-2.2.1/gems/actionpack-4.2.6/lib/action_dispatch/middleware/templates/rescues/_request_and_response.html.erb (2.0ms)
  Rendered /Users/jake/.rvm/gems/ruby-2.2.1/gems/actionpack-4.2.6/lib/action_dispatch/middleware/templates/rescues/routing_error.html.erb within rescues/layout (175.9ms)
  Rendered /Users/jake/.rvm/gems/ruby-2.2.1/gems/web-console-2.3.0/lib/web_console/templates/_markup.html.erb (0.9ms)
  Rendered /Users/jake/.rvm/gems/ruby-2.2.1/gems/web-console-2.3.0/lib/web_console/templates/_inner_console_markup.html.erb within layouts/inlined_string (0.5ms)
  Rendered /Users/jake/.rvm/gems/ruby-2.2.1/gems/web-console-2.3.0/lib/web_console/templates/_prompt_box_markup.html.erb within layouts/inlined_string (0.4ms)
  Rendered /Users/jake/.rvm/gems/ruby-2.2.1/gems/web-console-2.3.0/lib/web_console/templates/style.css.erb within layouts/inlined_string (0.5ms)
  Rendered /Users/jake/.rvm/gems/ruby-2.2.1/gems/web-console-2.3.0/lib/web_console/templates/console.js.erb within layouts/javascript (92.3ms)
  Rendered /Users/jake/.rvm/gems/ruby-2.2.1/gems/web-console-2.3.0/lib/web_console/templates/main.js.erb within layouts/javascript (0.4ms)
  Rendered /Users/jake/.rvm/gems/ruby-2.2.1/gems/web-console-2.3.0/lib/web_console/templates/error_page.js.erb within layouts/javascript (0.8ms)
  Rendered /Users/jake/.rvm/gems/ruby-2.2.1/gems/web-console-2.3.0/lib/web_console/templates/index.html.erb (208.2ms)


Started GET "/apple-touch-icon.png" for ::1 at 2016-07-16 19:58:11 +0200

ActionController::RoutingError (No route matches [GET] "/apple-touch-icon.png"):
  actionpack (4.2.6) lib/action_dispatch/middleware/debug_exceptions.rb:21:in `call'
  web-console (2.3.0) lib/web_console/middleware.rb:28:in `block in call'
  web-console (2.3.0) lib/web_console/middleware.rb:18:in `catch'
  web-console (2.3.0) lib/web_console/middleware.rb:18:in `call'
  actionpack (4.2.6) lib/action_dispatch/middleware/show_exceptions.rb:30:in `call'
  railties (4.2.6) lib/rails/rack/logger.rb:38:in `call_app'
  railties (4.2.6) lib/rails/rack/logger.rb:20:in `block in call'
  activesupport (4.2.6) lib/active_support/tagged_logging.rb:68:in `block in tagged'
  activesupport (4.2.6) lib/active_support/tagged_logging.rb:26:in `tagged'
  activesupport (4.2.6) lib/active_support/tagged_logging.rb:68:in `tagged'
  railties (4.2.6) lib/rails/rack/logger.rb:20:in `call'
  actionpack (4.2.6) lib/action_dispatch/middleware/request_id.rb:21:in `call'
  rack (1.6.4) lib/rack/methodoverride.rb:22:in `call'
  rack (1.6.4) lib/rack/runtime.rb:18:in `call'
  activesupport (4.2.6) lib/active_support/cache/strategy/local_cache_middleware.rb:28:in `call'
  actionpack (4.2.6) lib/action_dispatch/middleware/static.rb:120:in `call'
  rack (1.6.4) lib/rack/sendfile.rb:113:in `call'
  railties (4.2.6) lib/rails/engine.rb:518:in `call'
  railties (4.2.6) lib/rails/application.rb:165:in `call'
  rack (1.6.4) lib/rack/content_length.rb:15:in `call'
  puma (3.4.0) lib/puma/configuration.rb:224:in `call'
  puma (3.4.0) lib/puma/server.rb:569:in `handle_request'
  puma (3.4.0) lib/puma/server.rb:406:in `process_client'
  puma (3.4.0) lib/puma/server.rb:271:in `block in run'
  puma (3.4.0) lib/puma/thread_pool.rb:114:in `call'
  puma (3.4.0) lib/puma/thread_pool.rb:114:in `block in spawn_thread'


  Rendered /Users/jake/.rvm/gems/ruby-2.2.1/gems/actionpack-4.2.6/lib/action_dispatch/middleware/templates/rescues/_trace.html.erb (2.5ms)
  Rendered /Users/jake/.rvm/gems/ruby-2.2.1/gems/actionpack-4.2.6/lib/action_dispatch/middleware/templates/routes/_route.html.erb (4.6ms)
  Rendered /Users/jake/.rvm/gems/ruby-2.2.1/gems/actionpack-4.2.6/lib/action_dispatch/middleware/templates/routes/_table.html.erb (2.5ms)
  Rendered /Users/jake/.rvm/gems/ruby-2.2.1/gems/actionpack-4.2.6/lib/action_dispatch/middleware/templates/rescues/_request_and_response.html.erb (2.0ms)
  Rendered /Users/jake/.rvm/gems/ruby-2.2.1/gems/actionpack-4.2.6/lib/action_dispatch/middleware/templates/rescues/routing_error.html.erb within rescues/layout (150.2ms)
  Rendered /Users/jake/.rvm/gems/ruby-2.2.1/gems/web-console-2.3.0/lib/web_console/templates/_markup.html.erb (0.9ms)
  Rendered /Users/jake/.rvm/gems/ruby-2.2.1/gems/web-console-2.3.0/lib/web_console/templates/_inner_console_markup.html.erb within layouts/inlined_string (0.5ms)
  Rendered /Users/jake/.rvm/gems/ruby-2.2.1/gems/web-console-2.3.0/lib/web_console/templates/_prompt_box_markup.html.erb within layouts/inlined_string (0.4ms)
  Rendered /Users/jake/.rvm/gems/ruby-2.2.1/gems/web-console-2.3.0/lib/web_console/templates/style.css.erb within layouts/inlined_string (0.8ms)
  Rendered /Users/jake/.rvm/gems/ruby-2.2.1/gems/web-console-2.3.0/lib/web_console/templates/console.js.erb within layouts/javascript (93.1ms)
  Rendered /Users/jake/.rvm/gems/ruby-2.2.1/gems/web-console-2.3.0/lib/web_console/templates/main.js.erb within layouts/javascript (0.7ms)
  Rendered /Users/jake/.rvm/gems/ruby-2.2.1/gems/web-console-2.3.0/lib/web_console/templates/error_page.js.erb within layouts/javascript (0.6ms)
  Rendered /Users/jake/.rvm/gems/ruby-2.2.1/gems/web-console-2.3.0/lib/web_console/templates/index.html.erb (211.2ms)


Started GET "/" for ::1 at 2016-07-16 19:58:12 +0200
Processing by DashboardController#show as HTML
Completed 401 Unauthorized in 0ms (ActiveRecord: 0.0ms)


Started GET "/login" for ::1 at 2016-07-16 19:58:12 +0200
Processing by Devise::SessionsController#new as HTML
  Rendered devise/shared/_links.haml (0.4ms)
  Rendered devise/sessions/new.haml within layouts/application (7.1ms)
  Rendered shared/_header.haml (0.9ms)
  Rendered shared/_sidebar.haml (0.5ms)
Completed 200 OK in 79ms (Views: 77.6ms | ActiveRecord: 0.0ms)


Started GET "/apple-touch-icon-precomposed.png" for ::1 at 2016-07-16 19:58:12 +0200

ActionController::RoutingError (No route matches [GET] "/apple-touch-icon-precomposed.png"):
  actionpack (4.2.6) lib/action_dispatch/middleware/debug_exceptions.rb:21:in `call'
  web-console (2.3.0) lib/web_console/middleware.rb:28:in `block in call'
  web-console (2.3.0) lib/web_console/middleware.rb:18:in `catch'
  web-console (2.3.0) lib/web_console/middleware.rb:18:in `call'
  actionpack (4.2.6) lib/action_dispatch/middleware/show_exceptions.rb:30:in `call'
  railties (4.2.6) lib/rails/rack/logger.rb:38:in `call_app'
  railties (4.2.6) lib/rails/rack/logger.rb:20:in `block in call'
  activesupport (4.2.6) lib/active_support/tagged_logging.rb:68:in `block in tagged'
  activesupport (4.2.6) lib/active_support/tagged_logging.rb:26:in `tagged'
  activesupport (4.2.6) lib/active_support/tagged_logging.rb:68:in `tagged'
  railties (4.2.6) lib/rails/rack/logger.rb:20:in `call'
  actionpack (4.2.6) lib/action_dispatch/middleware/request_id.rb:21:in `call'
  rack (1.6.4) lib/rack/methodoverride.rb:22:in `call'
  rack (1.6.4) lib/rack/runtime.rb:18:in `call'
  activesupport (4.2.6) lib/active_support/cache/strategy/local_cache_middleware.rb:28:in `call'
  actionpack (4.2.6) lib/action_dispatch/middleware/static.rb:120:in `call'
  rack (1.6.4) lib/rack/sendfile.rb:113:in `call'
  railties (4.2.6) lib/rails/engine.rb:518:in `call'
  railties (4.2.6) lib/rails/application.rb:165:in `call'
  rack (1.6.4) lib/rack/content_length.rb:15:in `call'
  puma (3.4.0) lib/puma/configuration.rb:224:in `call'
  puma (3.4.0) lib/puma/server.rb:569:in `handle_request'
  puma (3.4.0) lib/puma/server.rb:406:in `process_client'
  puma (3.4.0) lib/puma/server.rb:271:in `block in run'
  puma (3.4.0) lib/puma/thread_pool.rb:114:in `call'
  puma (3.4.0) lib/puma/thread_pool.rb:114:in `block in spawn_thread'


  Rendered /Users/jake/.rvm/gems/ruby-2.2.1/gems/actionpack-4.2.6/lib/action_dispatch/middleware/templates/rescues/_trace.html.erb (3.1ms)
  Rendered /Users/jake/.rvm/gems/ruby-2.2.1/gems/actionpack-4.2.6/lib/action_dispatch/middleware/templates/routes/_route.html.erb (4.9ms)
  Rendered /Users/jake/.rvm/gems/ruby-2.2.1/gems/actionpack-4.2.6/lib/action_dispatch/middleware/templates/routes/_table.html.erb (2.7ms)
  Rendered /Users/jake/.rvm/gems/ruby-2.2.1/gems/actionpack-4.2.6/lib/action_dispatch/middleware/templates/rescues/_request_and_response.html.erb (2.3ms)
  Rendered /Users/jake/.rvm/gems/ruby-2.2.1/gems/actionpack-4.2.6/lib/action_dispatch/middleware/templates/rescues/routing_error.html.erb within rescues/layout (168.7ms)
  Rendered /Users/jake/.rvm/gems/ruby-2.2.1/gems/web-console-2.3.0/lib/web_console/templates/_markup.html.erb (0.7ms)
  Rendered /Users/jake/.rvm/gems/ruby-2.2.1/gems/web-console-2.3.0/lib/web_console/templates/_inner_console_markup.html.erb within layouts/inlined_string (0.7ms)
  Rendered /Users/jake/.rvm/gems/ruby-2.2.1/gems/web-console-2.3.0/lib/web_console/templates/_prompt_box_markup.html.erb within layouts/inlined_string (0.5ms)
  Rendered /Users/jake/.rvm/gems/ruby-2.2.1/gems/web-console-2.3.0/lib/web_console/templates/style.css.erb within layouts/inlined_string (0.6ms)
  Rendered /Users/jake/.rvm/gems/ruby-2.2.1/gems/web-console-2.3.0/lib/web_console/templates/console.js.erb within layouts/javascript (92.3ms)
  Rendered /Users/jake/.rvm/gems/ruby-2.2.1/gems/web-console-2.3.0/lib/web_console/templates/main.js.erb within layouts/javascript (0.4ms)
  Rendered /Users/jake/.rvm/gems/ruby-2.2.1/gems/web-console-2.3.0/lib/web_console/templates/error_page.js.erb within layouts/javascript (0.7ms)
  Rendered /Users/jake/.rvm/gems/ruby-2.2.1/gems/web-console-2.3.0/lib/web_console/templates/index.html.erb (201.9ms)


Started GET "/apple-touch-icon.png" for ::1 at 2016-07-16 19:58:12 +0200

ActionController::RoutingError (No route matches [GET] "/apple-touch-icon.png"):
  actionpack (4.2.6) lib/action_dispatch/middleware/debug_exceptions.rb:21:in `call'
  web-console (2.3.0) lib/web_console/middleware.rb:28:in `block in call'
  web-console (2.3.0) lib/web_console/middleware.rb:18:in `catch'
  web-console (2.3.0) lib/web_console/middleware.rb:18:in `call'
  actionpack (4.2.6) lib/action_dispatch/middleware/show_exceptions.rb:30:in `call'
  railties (4.2.6) lib/rails/rack/logger.rb:38:in `call_app'
  railties (4.2.6) lib/rails/rack/logger.rb:20:in `block in call'
  activesupport (4.2.6) lib/active_support/tagged_logging.rb:68:in `block in tagged'
  activesupport (4.2.6) lib/active_support/tagged_logging.rb:26:in `tagged'
  activesupport (4.2.6) lib/active_support/tagged_logging.rb:68:in `tagged'
  railties (4.2.6) lib/rails/rack/logger.rb:20:in `call'
  actionpack (4.2.6) lib/action_dispatch/middleware/request_id.rb:21:in `call'
  rack (1.6.4) lib/rack/methodoverride.rb:22:in `call'
  rack (1.6.4) lib/rack/runtime.rb:18:in `call'
  activesupport (4.2.6) lib/active_support/cache/strategy/local_cache_middleware.rb:28:in `call'
  actionpack (4.2.6) lib/action_dispatch/middleware/static.rb:120:in `call'
  rack (1.6.4) lib/rack/sendfile.rb:113:in `call'
  railties (4.2.6) lib/rails/engine.rb:518:in `call'
  railties (4.2.6) lib/rails/application.rb:165:in `call'
  rack (1.6.4) lib/rack/content_length.rb:15:in `call'
  puma (3.4.0) lib/puma/configuration.rb:224:in `call'
  puma (3.4.0) lib/puma/server.rb:569:in `handle_request'
  puma (3.4.0) lib/puma/server.rb:406:in `process_client'
  puma (3.4.0) lib/puma/server.rb:271:in `block in run'
  puma (3.4.0) lib/puma/thread_pool.rb:114:in `call'
  puma (3.4.0) lib/puma/thread_pool.rb:114:in `block in spawn_thread'


  Rendered /Users/jake/.rvm/gems/ruby-2.2.1/gems/actionpack-4.2.6/lib/action_dispatch/middleware/templates/rescues/_trace.html.erb (3.4ms)
  Rendered /Users/jake/.rvm/gems/ruby-2.2.1/gems/actionpack-4.2.6/lib/action_dispatch/middleware/templates/routes/_route.html.erb (5.8ms)
  Rendered /Users/jake/.rvm/gems/ruby-2.2.1/gems/actionpack-4.2.6/lib/action_dispatch/middleware/templates/routes/_table.html.erb (3.6ms)
  Rendered /Users/jake/.rvm/gems/ruby-2.2.1/gems/actionpack-4.2.6/lib/action_dispatch/middleware/templates/rescues/_request_and_response.html.erb (13.3ms)
  Rendered /Users/jake/.rvm/gems/ruby-2.2.1/gems/actionpack-4.2.6/lib/action_dispatch/middleware/templates/rescues/routing_error.html.erb within rescues/layout (178.0ms)
  Rendered /Users/jake/.rvm/gems/ruby-2.2.1/gems/web-console-2.3.0/lib/web_console/templates/_markup.html.erb (0.8ms)
  Rendered /Users/jake/.rvm/gems/ruby-2.2.1/gems/web-console-2.3.0/lib/web_console/templates/_inner_console_markup.html.erb within layouts/inlined_string (0.5ms)
  Rendered /Users/jake/.rvm/gems/ruby-2.2.1/gems/web-console-2.3.0/lib/web_console/templates/_prompt_box_markup.html.erb within layouts/inlined_string (0.5ms)
  Rendered /Users/jake/.rvm/gems/ruby-2.2.1/gems/web-console-2.3.0/lib/web_console/templates/style.css.erb within layouts/inlined_string (0.5ms)
  Rendered /Users/jake/.rvm/gems/ruby-2.2.1/gems/web-console-2.3.0/lib/web_console/templates/console.js.erb within layouts/javascript (96.3ms)
  Rendered /Users/jake/.rvm/gems/ruby-2.2.1/gems/web-console-2.3.0/lib/web_console/templates/main.js.erb within layouts/javascript (0.6ms)
  Rendered /Users/jake/.rvm/gems/ruby-2.2.1/gems/web-console-2.3.0/lib/web_console/templates/error_page.js.erb within layouts/javascript (0.8ms)
  Rendered /Users/jake/.rvm/gems/ruby-2.2.1/gems/web-console-2.3.0/lib/web_console/templates/index.html.erb (210.9ms)
=== puma startup: 2016-07-16 20:04:27 +0200 ===
=== puma startup: 2016-07-16 20:04:27 +0200 ===
=== puma startup: 2016-07-16 20:04:27 +0200 ===
[2018] - Gracefully shutting down workers...
[2018] === puma shutdown: 2016-07-16 20:05:34 +0200 ===
[2018] - Goodbye!
Exiting
=== puma startup: 2016-07-16 21:23:14 +0200 ===
[1338] * Starting control server on unix:///var/folders/sn/lp61g0pd2td394gkyh17br780000gn/T/puma-status-1468696994767-1338
[1338] - Worker 0 (pid: 1341) booted, phase: 0


Started GET "/websocket" for ::1 at 2016-07-16 21:33:25 +0200
  [1m[36mActiveRecord::SchemaMigration Load (17.5ms)[0m  [1mSELECT `schema_migrations`.* FROM `schema_migrations`[0m
  [1m[35mUser Load (6.2ms)[0m  SELECT  `users`.* FROM `users` WHERE `users`.`id` = 2  ORDER BY `users`.`id` ASC LIMIT 1


Started GET "/products" for ::1 at 2016-07-16 21:33:27 +0200
Processing by ProductsController#index as HTML
  [1m[36mUser Load (0.4ms)[0m  [1mSELECT  `users`.* FROM `users` WHERE `users`.`id` = 2  ORDER BY `users`.`id` ASC LIMIT 1[0m
Completed 500 Internal Server Error in 36ms (ActiveRecord: 0.4ms)

NoMethodError (undefined method `products' for #<User:0x007fd7e1be6cc8>):
  app/controllers/products_controller.rb:4:in `index'


  Rendered /Users/jake/.rvm/gems/ruby-2.2.1/gems/actionpack-4.2.6/lib/action_dispatch/middleware/templates/rescues/_source.erb (13.0ms)
  Rendered /Users/jake/.rvm/gems/ruby-2.2.1/gems/actionpack-4.2.6/lib/action_dispatch/middleware/templates/rescues/_trace.html.erb (5.5ms)
  Rendered /Users/jake/.rvm/gems/ruby-2.2.1/gems/actionpack-4.2.6/lib/action_dispatch/middleware/templates/rescues/_request_and_response.html.erb (13.6ms)
  Rendered /Users/jake/.rvm/gems/ruby-2.2.1/gems/actionpack-4.2.6/lib/action_dispatch/middleware/templates/rescues/diagnostics.html.erb within rescues/layout (172.5ms)
  Rendered /Users/jake/.rvm/gems/ruby-2.2.1/gems/web-console-2.3.0/lib/web_console/templates/_markup.html.erb (0.7ms)
  Rendered /Users/jake/.rvm/gems/ruby-2.2.1/gems/web-console-2.3.0/lib/web_console/templates/_inner_console_markup.html.erb within layouts/inlined_string (0.5ms)
  Rendered /Users/jake/.rvm/gems/ruby-2.2.1/gems/web-console-2.3.0/lib/web_console/templates/_prompt_box_markup.html.erb within layouts/inlined_string (0.5ms)
  Rendered /Users/jake/.rvm/gems/ruby-2.2.1/gems/web-console-2.3.0/lib/web_console/templates/style.css.erb within layouts/inlined_string (0.6ms)
  Rendered /Users/jake/.rvm/gems/ruby-2.2.1/gems/web-console-2.3.0/lib/web_console/templates/console.js.erb within layouts/javascript (160.7ms)
  Rendered /Users/jake/.rvm/gems/ruby-2.2.1/gems/web-console-2.3.0/lib/web_console/templates/main.js.erb within layouts/javascript (0.5ms)
  Rendered /Users/jake/.rvm/gems/ruby-2.2.1/gems/web-console-2.3.0/lib/web_console/templates/error_page.js.erb within layouts/javascript (0.6ms)
  Rendered /Users/jake/.rvm/gems/ruby-2.2.1/gems/web-console-2.3.0/lib/web_console/templates/index.html.erb (373.7ms)


Started GET "/products" for ::1 at 2016-07-16 21:59:14 +0200
Processing by ProductsController#index as HTML
  [1m[35mUser Load (0.3ms)[0m  SELECT  `users`.* FROM `users` WHERE `users`.`id` = 2  ORDER BY `users`.`id` ASC LIMIT 1
Completed 500 Internal Server Error in 183ms (ActiveRecord: 2.0ms)

NameError (undefined local variable or method `current_webmaster' for #<ProductsController:0x007fd7e4035160>):
  app/controllers/products_controller.rb:4:in `index'


  Rendered /Users/jake/.rvm/gems/ruby-2.2.1/gems/actionpack-4.2.6/lib/action_dispatch/middleware/templates/rescues/_source.erb (14.2ms)
  Rendered /Users/jake/.rvm/gems/ruby-2.2.1/gems/actionpack-4.2.6/lib/action_dispatch/middleware/templates/rescues/_trace.html.erb (4.4ms)
  Rendered /Users/jake/.rvm/gems/ruby-2.2.1/gems/actionpack-4.2.6/lib/action_dispatch/middleware/templates/rescues/_request_and_response.html.erb (1.5ms)
  Rendered /Users/jake/.rvm/gems/ruby-2.2.1/gems/actionpack-4.2.6/lib/action_dispatch/middleware/templates/rescues/diagnostics.html.erb within rescues/layout (192.1ms)
  Rendered /Users/jake/.rvm/gems/ruby-2.2.1/gems/web-console-2.3.0/lib/web_console/templates/_markup.html.erb (0.6ms)
  Rendered /Users/jake/.rvm/gems/ruby-2.2.1/gems/web-console-2.3.0/lib/web_console/templates/_inner_console_markup.html.erb within layouts/inlined_string (0.5ms)
  Rendered /Users/jake/.rvm/gems/ruby-2.2.1/gems/web-console-2.3.0/lib/web_console/templates/_prompt_box_markup.html.erb within layouts/inlined_string (0.5ms)
  Rendered /Users/jake/.rvm/gems/ruby-2.2.1/gems/web-console-2.3.0/lib/web_console/templates/style.css.erb within layouts/inlined_string (0.6ms)
  Rendered /Users/jake/.rvm/gems/ruby-2.2.1/gems/web-console-2.3.0/lib/web_console/templates/console.js.erb within layouts/javascript (96.8ms)
  Rendered /Users/jake/.rvm/gems/ruby-2.2.1/gems/web-console-2.3.0/lib/web_console/templates/main.js.erb within layouts/javascript (0.5ms)
  Rendered /Users/jake/.rvm/gems/ruby-2.2.1/gems/web-console-2.3.0/lib/web_console/templates/error_page.js.erb within layouts/javascript (0.6ms)
  Rendered /Users/jake/.rvm/gems/ruby-2.2.1/gems/web-console-2.3.0/lib/web_console/templates/index.html.erb (216.5ms)


Started GET "/products" for ::1 at 2016-07-16 21:59:39 +0200

TypeError (no implicit conversion of Module into String):
  app/controllers/products_controller.rb:3:in `<class:ProductsController>'
  app/controllers/products_controller.rb:1:in `<top (required)>'


  Rendered /Users/jake/.rvm/gems/ruby-2.2.1/gems/actionpack-4.2.6/lib/action_dispatch/middleware/templates/rescues/_source.erb (8.5ms)
  Rendered /Users/jake/.rvm/gems/ruby-2.2.1/gems/actionpack-4.2.6/lib/action_dispatch/middleware/templates/rescues/_trace.html.erb (3.7ms)
  Rendered /Users/jake/.rvm/gems/ruby-2.2.1/gems/actionpack-4.2.6/lib/action_dispatch/middleware/templates/rescues/_request_and_response.html.erb (2.5ms)
  Rendered /Users/jake/.rvm/gems/ruby-2.2.1/gems/actionpack-4.2.6/lib/action_dispatch/middleware/templates/rescues/diagnostics.html.erb within rescues/layout (112.0ms)
  Rendered /Users/jake/.rvm/gems/ruby-2.2.1/gems/web-console-2.3.0/lib/web_console/templates/_markup.html.erb (0.6ms)
  Rendered /Users/jake/.rvm/gems/ruby-2.2.1/gems/web-console-2.3.0/lib/web_console/templates/_inner_console_markup.html.erb within layouts/inlined_string (0.4ms)
  Rendered /Users/jake/.rvm/gems/ruby-2.2.1/gems/web-console-2.3.0/lib/web_console/templates/_prompt_box_markup.html.erb within layouts/inlined_string (0.5ms)
  Rendered /Users/jake/.rvm/gems/ruby-2.2.1/gems/web-console-2.3.0/lib/web_console/templates/style.css.erb within layouts/inlined_string (0.5ms)
  Rendered /Users/jake/.rvm/gems/ruby-2.2.1/gems/web-console-2.3.0/lib/web_console/templates/console.js.erb within layouts/javascript (92.1ms)
  Rendered /Users/jake/.rvm/gems/ruby-2.2.1/gems/web-console-2.3.0/lib/web_console/templates/main.js.erb within layouts/javascript (0.5ms)
  Rendered /Users/jake/.rvm/gems/ruby-2.2.1/gems/web-console-2.3.0/lib/web_console/templates/error_page.js.erb within layouts/javascript (0.6ms)
  Rendered /Users/jake/.rvm/gems/ruby-2.2.1/gems/web-console-2.3.0/lib/web_console/templates/index.html.erb (205.7ms)


Started GET "/products" for ::1 at 2016-07-16 22:03:09 +0200
Processing by ProductsController#index as HTML
  [1m[36mUser Load (0.3ms)[0m  [1mSELECT  `users`.* FROM `users` WHERE `users`.`id` = 2  ORDER BY `users`.`id` ASC LIMIT 1[0m
Completed 500 Internal Server Error in 26ms (ActiveRecord: 1.9ms)

NoMethodError (undefined method `webmaser?' for #<User:0x007fd7e1473a68>):
  app/helpers/application_helper.rb:4:in `current_webmaster'
  app/controllers/products_controller.rb:4:in `index'


  Rendered /Users/jake/.rvm/gems/ruby-2.2.1/gems/actionpack-4.2.6/lib/action_dispatch/middleware/templates/rescues/_source.erb (9.0ms)
  Rendered /Users/jake/.rvm/gems/ruby-2.2.1/gems/actionpack-4.2.6/lib/action_dispatch/middleware/templates/rescues/_trace.html.erb (3.9ms)
  Rendered /Users/jake/.rvm/gems/ruby-2.2.1/gems/actionpack-4.2.6/lib/action_dispatch/middleware/templates/rescues/_request_and_response.html.erb (1.3ms)
  Rendered /Users/jake/.rvm/gems/ruby-2.2.1/gems/actionpack-4.2.6/lib/action_dispatch/middleware/templates/rescues/diagnostics.html.erb within rescues/layout (109.9ms)
  Rendered /Users/jake/.rvm/gems/ruby-2.2.1/gems/web-console-2.3.0/lib/web_console/templates/_markup.html.erb (0.6ms)
  Rendered /Users/jake/.rvm/gems/ruby-2.2.1/gems/web-console-2.3.0/lib/web_console/templates/_inner_console_markup.html.erb within layouts/inlined_string (0.5ms)
  Rendered /Users/jake/.rvm/gems/ruby-2.2.1/gems/web-console-2.3.0/lib/web_console/templates/_prompt_box_markup.html.erb within layouts/inlined_string (0.5ms)
  Rendered /Users/jake/.rvm/gems/ruby-2.2.1/gems/web-console-2.3.0/lib/web_console/templates/style.css.erb within layouts/inlined_string (0.5ms)
  Rendered /Users/jake/.rvm/gems/ruby-2.2.1/gems/web-console-2.3.0/lib/web_console/templates/console.js.erb within layouts/javascript (92.8ms)
  Rendered /Users/jake/.rvm/gems/ruby-2.2.1/gems/web-console-2.3.0/lib/web_console/templates/main.js.erb within layouts/javascript (0.5ms)
  Rendered /Users/jake/.rvm/gems/ruby-2.2.1/gems/web-console-2.3.0/lib/web_console/templates/error_page.js.erb within layouts/javascript (0.6ms)
  Rendered /Users/jake/.rvm/gems/ruby-2.2.1/gems/web-console-2.3.0/lib/web_console/templates/index.html.erb (205.9ms)


Started GET "/products" for ::1 at 2016-07-16 22:03:22 +0200
Processing by ProductsController#index as HTML
  [1m[35mUser Load (0.3ms)[0m  SELECT  `users`.* FROM `users` WHERE `users`.`id` = 2  ORDER BY `users`.`id` ASC LIMIT 1
Completed 500 Internal Server Error in 27ms (ActiveRecord: 1.7ms)

NoMethodError (undefined method `webmaster?' for #<User:0x007fd7e125a6f0>):
  app/helpers/application_helper.rb:4:in `current_webmaster'
  app/controllers/products_controller.rb:4:in `index'


  Rendered /Users/jake/.rvm/gems/ruby-2.2.1/gems/actionpack-4.2.6/lib/action_dispatch/middleware/templates/rescues/_source.erb (8.8ms)
  Rendered /Users/jake/.rvm/gems/ruby-2.2.1/gems/actionpack-4.2.6/lib/action_dispatch/middleware/templates/rescues/_trace.html.erb (3.8ms)
  Rendered /Users/jake/.rvm/gems/ruby-2.2.1/gems/actionpack-4.2.6/lib/action_dispatch/middleware/templates/rescues/_request_and_response.html.erb (1.4ms)
  Rendered /Users/jake/.rvm/gems/ruby-2.2.1/gems/actionpack-4.2.6/lib/action_dispatch/middleware/templates/rescues/diagnostics.html.erb within rescues/layout (111.4ms)
  Rendered /Users/jake/.rvm/gems/ruby-2.2.1/gems/web-console-2.3.0/lib/web_console/templates/_markup.html.erb (0.6ms)
  Rendered /Users/jake/.rvm/gems/ruby-2.2.1/gems/web-console-2.3.0/lib/web_console/templates/_inner_console_markup.html.erb within layouts/inlined_string (0.4ms)
  Rendered /Users/jake/.rvm/gems/ruby-2.2.1/gems/web-console-2.3.0/lib/web_console/templates/_prompt_box_markup.html.erb within layouts/inlined_string (0.4ms)
  Rendered /Users/jake/.rvm/gems/ruby-2.2.1/gems/web-console-2.3.0/lib/web_console/templates/style.css.erb within layouts/inlined_string (0.5ms)
  Rendered /Users/jake/.rvm/gems/ruby-2.2.1/gems/web-console-2.3.0/lib/web_console/templates/console.js.erb within layouts/javascript (93.1ms)
  Rendered /Users/jake/.rvm/gems/ruby-2.2.1/gems/web-console-2.3.0/lib/web_console/templates/main.js.erb within layouts/javascript (0.5ms)
  Rendered /Users/jake/.rvm/gems/ruby-2.2.1/gems/web-console-2.3.0/lib/web_console/templates/error_page.js.erb within layouts/javascript (0.6ms)
  Rendered /Users/jake/.rvm/gems/ruby-2.2.1/gems/web-console-2.3.0/lib/web_console/templates/index.html.erb (206.9ms)


Started GET "/products" for ::1 at 2016-07-16 22:03:30 +0200
Processing by ProductsController#index as HTML
  [1m[36mUser Load (0.3ms)[0m  [1mSELECT  `users`.* FROM `users` WHERE `users`.`id` = 2  ORDER BY `users`.`id` ASC LIMIT 1[0m
  [1m[35mWebmaster Load (1.0ms)[0m  SELECT  `users`.* FROM `users` WHERE (admin = 0) AND `users`.`id` = 2 LIMIT 1
  [1m[36mReactionType Load (2.3ms)[0m  [1mSELECT `reaction_types`.* FROM `reaction_types`[0m
  [1m[35mProduct Load (2.6ms)[0m  SELECT `products`.* FROM `products` WHERE `products`.`webmaster_id` = 2
  [1m[36mImpression Load (13.5ms)[0m  [1mSELECT `impressions`.* FROM `impressions` WHERE `impressions`.`product_id` IN (1, 2, 3, 4, 5, 6, 7)[0m
  [1m[35mReaction Load (2.3ms)[0m  SELECT `reactions`.* FROM `reactions` WHERE `reactions`.`product_id` IN (1, 2, 3, 4, 5, 6, 7)
  [1m[36m (0.4ms)[0m  [1mSELECT `reaction_types`.`id` FROM `reaction_types`[0m
  [1m[35mReaction Load (2.0ms)[0m  SELECT `reactions`.* FROM `reactions` WHERE `reactions`.`product_id` = 1 AND `reactions`.`reaction_type_id` IN (1, 2, 3, 4)
  [1m[36mCACHE (0.0ms)[0m  [1mSELECT `reaction_types`.* FROM `reaction_types`[0m
  [1m[35mReaction Load (0.8ms)[0m  SELECT `reactions`.* FROM `reactions` WHERE `reactions`.`product_id` = 1 AND `reactions`.`reaction_type_id` = 1
  [1m[36mReaction Load (0.4ms)[0m  [1mSELECT `reactions`.* FROM `reactions` WHERE `reactions`.`product_id` = 1 AND `reactions`.`reaction_type_id` = 2[0m
  [1m[35mReaction Load (0.4ms)[0m  SELECT `reactions`.* FROM `reactions` WHERE `reactions`.`product_id` = 1 AND `reactions`.`reaction_type_id` = 3
  [1m[36mReaction Load (0.4ms)[0m  [1mSELECT `reactions`.* FROM `reactions` WHERE `reactions`.`product_id` = 1 AND `reactions`.`reaction_type_id` = 4[0m
  [1m[35mCACHE (0.0ms)[0m  SELECT `reaction_types`.`id` FROM `reaction_types`
  [1m[36mReaction Load (0.5ms)[0m  [1mSELECT `reactions`.* FROM `reactions` WHERE `reactions`.`product_id` = 2 AND `reactions`.`reaction_type_id` IN (1, 2, 3, 4)[0m
  [1m[35mCACHE (0.0ms)[0m  SELECT `reaction_types`.* FROM `reaction_types`
  [1m[36mReaction Load (0.6ms)[0m  [1mSELECT `reactions`.* FROM `reactions` WHERE `reactions`.`product_id` = 2 AND `reactions`.`reaction_type_id` = 1[0m
  [1m[35mReaction Load (0.4ms)[0m  SELECT `reactions`.* FROM `reactions` WHERE `reactions`.`product_id` = 2 AND `reactions`.`reaction_type_id` = 2
  [1m[36mReaction Load (0.4ms)[0m  [1mSELECT `reactions`.* FROM `reactions` WHERE `reactions`.`product_id` = 2 AND `reactions`.`reaction_type_id` = 3[0m
  [1m[35mReaction Load (0.4ms)[0m  SELECT `reactions`.* FROM `reactions` WHERE `reactions`.`product_id` = 2 AND `reactions`.`reaction_type_id` = 4
  [1m[36mCACHE (0.0ms)[0m  [1mSELECT `reaction_types`.`id` FROM `reaction_types`[0m
  [1m[35mReaction Load (0.4ms)[0m  SELECT `reactions`.* FROM `reactions` WHERE `reactions`.`product_id` = 3 AND `reactions`.`reaction_type_id` IN (1, 2, 3, 4)
  [1m[36mCACHE (0.0ms)[0m  [1mSELECT `reaction_types`.* FROM `reaction_types`[0m
  [1m[35mReaction Load (0.5ms)[0m  SELECT `reactions`.* FROM `reactions` WHERE `reactions`.`product_id` = 3 AND `reactions`.`reaction_type_id` = 1
  [1m[36mReaction Load (0.3ms)[0m  [1mSELECT `reactions`.* FROM `reactions` WHERE `reactions`.`product_id` = 3 AND `reactions`.`reaction_type_id` = 2[0m
  [1m[35mReaction Load (0.3ms)[0m  SELECT `reactions`.* FROM `reactions` WHERE `reactions`.`product_id` = 3 AND `reactions`.`reaction_type_id` = 3
  [1m[36mReaction Load (0.4ms)[0m  [1mSELECT `reactions`.* FROM `reactions` WHERE `reactions`.`product_id` = 3 AND `reactions`.`reaction_type_id` = 4[0m
  [1m[35mCACHE (0.0ms)[0m  SELECT `reaction_types`.`id` FROM `reaction_types`
  [1m[36mReaction Load (0.4ms)[0m  [1mSELECT `reactions`.* FROM `reactions` WHERE `reactions`.`product_id` = 4 AND `reactions`.`reaction_type_id` IN (1, 2, 3, 4)[0m
  [1m[35mCACHE (0.0ms)[0m  SELECT `reaction_types`.* FROM `reaction_types`
  [1m[36mReaction Load (0.6ms)[0m  [1mSELECT `reactions`.* FROM `reactions` WHERE `reactions`.`product_id` = 4 AND `reactions`.`reaction_type_id` = 1[0m
  [1m[35mReaction Load (0.8ms)[0m  SELECT `reactions`.* FROM `reactions` WHERE `reactions`.`product_id` = 4 AND `reactions`.`reaction_type_id` = 2
  [1m[36mReaction Load (0.5ms)[0m  [1mSELECT `reactions`.* FROM `reactions` WHERE `reactions`.`product_id` = 4 AND `reactions`.`reaction_type_id` = 3[0m
  [1m[35mReaction Load (0.4ms)[0m  SELECT `reactions`.* FROM `reactions` WHERE `reactions`.`product_id` = 4 AND `reactions`.`reaction_type_id` = 4
  [1m[36mCACHE (0.0ms)[0m  [1mSELECT `reaction_types`.`id` FROM `reaction_types`[0m
  [1m[35mReaction Load (0.4ms)[0m  SELECT `reactions`.* FROM `reactions` WHERE `reactions`.`product_id` = 5 AND `reactions`.`reaction_type_id` IN (1, 2, 3, 4)
  [1m[36mCACHE (0.0ms)[0m  [1mSELECT `reaction_types`.* FROM `reaction_types`[0m
  [1m[35mReaction Load (0.5ms)[0m  SELECT `reactions`.* FROM `reactions` WHERE `reactions`.`product_id` = 5 AND `reactions`.`reaction_type_id` = 1
  [1m[36mReaction Load (0.5ms)[0m  [1mSELECT `reactions`.* FROM `reactions` WHERE `reactions`.`product_id` = 5 AND `reactions`.`reaction_type_id` = 2[0m
  [1m[35mReaction Load (0.4ms)[0m  SELECT `reactions`.* FROM `reactions` WHERE `reactions`.`product_id` = 5 AND `reactions`.`reaction_type_id` = 3
  [1m[36mReaction Load (0.4ms)[0m  [1mSELECT `reactions`.* FROM `reactions` WHERE `reactions`.`product_id` = 5 AND `reactions`.`reaction_type_id` = 4[0m
  [1m[35mCACHE (0.0ms)[0m  SELECT `reaction_types`.`id` FROM `reaction_types`
  [1m[36mReaction Load (0.4ms)[0m  [1mSELECT `reactions`.* FROM `reactions` WHERE `reactions`.`product_id` = 6 AND `reactions`.`reaction_type_id` IN (1, 2, 3, 4)[0m
  [1m[35mCACHE (0.0ms)[0m  SELECT `reaction_types`.* FROM `reaction_types`
  [1m[36mReaction Load (0.4ms)[0m  [1mSELECT `reactions`.* FROM `reactions` WHERE `reactions`.`product_id` = 6 AND `reactions`.`reaction_type_id` = 1[0m
  [1m[35mReaction Load (0.4ms)[0m  SELECT `reactions`.* FROM `reactions` WHERE `reactions`.`product_id` = 6 AND `reactions`.`reaction_type_id` = 2
  [1m[36mReaction Load (0.4ms)[0m  [1mSELECT `reactions`.* FROM `reactions` WHERE `reactions`.`product_id` = 6 AND `reactions`.`reaction_type_id` = 3[0m
  [1m[35mReaction Load (0.4ms)[0m  SELECT `reactions`.* FROM `reactions` WHERE `reactions`.`product_id` = 6 AND `reactions`.`reaction_type_id` = 4
  [1m[36mCACHE (0.0ms)[0m  [1mSELECT `reaction_types`.`id` FROM `reaction_types`[0m
  [1m[35mReaction Load (0.4ms)[0m  SELECT `reactions`.* FROM `reactions` WHERE `reactions`.`product_id` = 7 AND `reactions`.`reaction_type_id` IN (1, 2, 3, 4)
  [1m[36mCACHE (0.0ms)[0m  [1mSELECT `reaction_types`.* FROM `reaction_types`[0m
  [1m[35mReaction Load (0.4ms)[0m  SELECT `reactions`.* FROM `reactions` WHERE `reactions`.`product_id` = 7 AND `reactions`.`reaction_type_id` = 1
  [1m[36mReaction Load (0.4ms)[0m  [1mSELECT `reactions`.* FROM `reactions` WHERE `reactions`.`product_id` = 7 AND `reactions`.`reaction_type_id` = 2[0m
  [1m[35mReaction Load (0.4ms)[0m  SELECT `reactions`.* FROM `reactions` WHERE `reactions`.`product_id` = 7 AND `reactions`.`reaction_type_id` = 3
  [1m[36mReaction Load (0.3ms)[0m  [1mSELECT `reactions`.* FROM `reactions` WHERE `reactions`.`product_id` = 7 AND `reactions`.`reaction_type_id` = 4[0m
  Rendered products/_data_table.haml (955.1ms)
  Rendered products/index.haml within layouts/application (960.8ms)
  Rendered shared/_header.haml (3.0ms)
  Rendered shared/_sidebar.haml (3.3ms)
Completed 200 OK in 1947ms (Views: 1767.0ms | ActiveRecord: 52.2ms)


Started GET "/assets/jquery.self-660adc51e0224b731d29f575a6f1ec167ba08ad06ed5deca4f1e8654c135bf4c.js?body=1" for ::1 at 2016-07-16 22:03:32 +0200








Started GET "/assets/websocket_rails/websocket_rails.self-b0fea3efa3fdd47f32cd4280ccc18488ffd7f2136c7c563c63c217044182fe1e.js?body=1" for ::1 at 2016-07-16 22:03:32 +0200
Started GET "/assets/jquery_ujs.self-e87806d0cf4489aeb1bb7288016024e8de67fd18db693fe026fe3907581e53cd.js?body=1" for ::1 at 2016-07-16 22:03:32 +0200



Started GET "/assets/application.self-0809ac95b5fde8e764929c9bd648b093d25701abf51b1f057a72dd85807949d7.css?body=1" for ::1 at 2016-07-16 22:03:32 +0200

Started GET "/assets/turbolinks.self-c5acd7a204f5f25ce7a1d8a0e4d92e28d34c9e2df2c7371cd7af88e147e4ad82.js?body=1" for ::1 at 2016-07-16 22:03:32 +0200
Started GET "/assets/websocket_rails/http_connection.self-8314b61f89b6ebcab2dbf126cbb99f4cf0feb5f417530abf373727b653eaf125.js?body=1" for ::1 at 2016-07-16 22:03:32 +0200

Started GET "/assets/websocket_rails/abstract_connection.self-c59ade07c40033b31f560ae7c6681d3ecc9eca88006e020116d0e538bee3c632.js?body=1" for ::1 at 2016-07-16 22:03:32 +0200



Started GET "/assets/websocket_rails/event.self-04d5bb47819660cff48dbf6cc594435e5d0d1107d44470b0890165896fa90030.js?body=1" for ::1 at 2016-07-16 22:03:33 +0200
Started GET "/assets/websocket_rails/websocket_connection.self-a4fd5d8dc295df9ccfa03dae5df35d9a8fd1c54f21afc3c9cef931eff8a980e3.js?body=1" for ::1 at 2016-07-16 22:03:33 +0200



Started GET "/assets/websocket_rails/channel.self-51e0b70af4cf956496d3b5ea4b739ec4cc25f979f3eff7abe53a8b4065643e6b.js?body=1" for ::1 at 2016-07-16 22:03:33 +0200



Started GET "/assets/websocket_rails/main.self-d088784b7ecb87f1ea17e6f982fa968ffefcc07b79de6ecc548fc00242868da6.js?body=1" for ::1 at 2016-07-16 22:03:33 +0200
Started GET "/assets/application.self-7862a8a8b42407b4741a1adeeea35f0d13ddc4f702ec532adb0674491d296495.js?body=1" for ::1 at 2016-07-16 22:03:33 +0200


Started GET "/websocket" for ::1 at 2016-07-16 22:05:59 +0200
  [1m[35mUser Load (1.0ms)[0m  SELECT  `users`.* FROM `users` WHERE `users`.`id` = 2  ORDER BY `users`.`id` ASC LIMIT 1
creating
{}
  [1m[36m (0.6ms)[0m  [1mBEGIN[0m
  [1m[35mCustomer Exists (1.3ms)[0m  SELECT  1 AS one FROM `customers` WHERE `customers`.`sid` = 'c4d3406e5d8a1cd5973df84c' LIMIT 1
  [1m[36mSQL (4.3ms)[0m  [1mINSERT INTO `customers` (`sid`) VALUES ('c4d3406e5d8a1cd5973df84c')[0m
  [1m[35m (0.8ms)[0m  COMMIT
created
[1338] - Gracefully shutting down workers...
[1338] === puma shutdown: 2016-07-16 22:23:07 +0200 ===
[1338] - Goodbye!
Exiting
